2022.12.06 13:30:56 INFO  tracing is disabled for protocol LSP, to enable tracing of incoming and outgoing JSON messages create an empty file at c:\studia\sem3\pp\list6\.metals\lsp.trace.json or C:\Users\marek\AppData\Local\scalameta\metals\cache\lsp.trace.json
2022.12.06 13:30:57 INFO  logging to file C:\studia\sem3\pp\list6\.metals\metals.log
2022.12.06 13:30:57 INFO  Started: Metals version 0.11.9 in workspace 'C:\studia\sem3\pp\list6' for client Visual Studio Code 1.73.1.
2022.12.06 13:30:57 WARN  Can't instantiate JavaInteractiveSemanticdb (version: JdkVersion(8), jdkHome: C:\Program Files\Java\jre1.8.0_331, javac exists: false)
2022.12.06 13:30:58 INFO  time: initialize in 0.8s
2022.12.06 13:30:58 WARN  Build server is not auto-connectable.
2022.12.06 13:30:58 WARN  no build tool detected in workspace 'C:\studia\sem3\pp\list6'. The most common cause for this problem is that the editor was opened in the wrong working directory, for example if you use sbt then the workspace directory should contain build.sbt. 
gru 06, 2022 1:30:59 PM org.eclipse.lsp4j.jsonrpc.RemoteEndpoint handleCancellation
WARNING: Unmatched cancel notification for request id 2
gru 06, 2022 1:30:59 PM org.eclipse.lsp4j.jsonrpc.RemoteEndpoint handleCancellation
WARNING: Unmatched cancel notification for request id 1
2022.12.06 13:31:03 INFO  no build target found for C:\studia\sem3\pp\list6\zad1.sc. Using presentation compiler with project's scala-library version: 3.2.0
2022.12.06 13:31:05 INFO  time: code lens generation in 2.1s
2022.12.06 13:31:05 INFO  time: code lens generation in 6.05s
2022.12.06 13:31:09 WARN  no build target for: C:\studia\sem3\pp\list6\zad1.sc
gru 06, 2022 1:31:09 PM org.eclipse.lsp4j.jsonrpc.RemoteEndpoint fallbackResponseError
SEVERE: Internal error: scala.meta.internal.metals.debug.BuildTargetNotFoundForPathException: No build target could be found for the path: C:\studia\sem3\pp\list6\zad1.sc
java.util.concurrent.CompletionException: scala.meta.internal.metals.debug.BuildTargetNotFoundForPathException: No build target could be found for the path: C:\studia\sem3\pp\list6\zad1.sc
	at java.util.concurrent.CompletableFuture.encodeThrowable(Unknown Source)
	at java.util.concurrent.CompletableFuture.completeThrowable(Unknown Source)
	at java.util.concurrent.CompletableFuture.uniAccept(Unknown Source)
	at java.util.concurrent.CompletableFuture$UniAccept.tryFire(Unknown Source)
	at java.util.concurrent.CompletableFuture.uniAcceptStage(Unknown Source)
	at java.util.concurrent.CompletableFuture.thenAcceptAsync(Unknown Source)
	at scala.concurrent.java8.FuturesConvertersImpl$CF.thenAccept(FutureConvertersImpl.scala:37)
	at org.eclipse.lsp4j.jsonrpc.RemoteEndpoint.handleRequest(RemoteEndpoint.java:279)
	at org.eclipse.lsp4j.jsonrpc.RemoteEndpoint.consume(RemoteEndpoint.java:190)
	at org.eclipse.lsp4j.jsonrpc.json.StreamMessageProducer.handleMessage(StreamMessageProducer.java:194)
	at org.eclipse.lsp4j.jsonrpc.json.StreamMessageProducer.listen(StreamMessageProducer.java:94)
	at org.eclipse.lsp4j.jsonrpc.json.ConcurrentMessageProcessor.run(ConcurrentMessageProcessor.java:113)
	at java.util.concurrent.Executors$RunnableAdapter.call(Unknown Source)
	at java.util.concurrent.FutureTask.run(Unknown Source)
	at java.util.concurrent.ThreadPoolExecutor.runWorker(Unknown Source)
	at java.util.concurrent.ThreadPoolExecutor$Worker.run(Unknown Source)
	at java.lang.Thread.run(Unknown Source)
Caused by: scala.meta.internal.metals.debug.BuildTargetNotFoundForPathException: No build target could be found for the path: C:\studia\sem3\pp\list6\zad1.sc
	at scala.meta.internal.metals.debug.DebugProvider.debugDiscovery(DebugProvider.scala:412)
	at scala.meta.internal.metals.MetalsLanguageServer.executeCommand(MetalsLanguageServer.scala:1963)
	at sun.reflect.NativeMethodAccessorImpl.invoke0(Native Method)
	at sun.reflect.NativeMethodAccessorImpl.invoke(Unknown Source)
	at sun.reflect.DelegatingMethodAccessorImpl.invoke(Unknown Source)
	at java.lang.reflect.Method.invoke(Unknown Source)
	at org.eclipse.lsp4j.jsonrpc.services.GenericEndpoint.lambda$null$0(GenericEndpoint.java:65)
	at org.eclipse.lsp4j.jsonrpc.services.GenericEndpoint.request(GenericEndpoint.java:120)
	at org.eclipse.lsp4j.jsonrpc.RemoteEndpoint.handleRequest(RemoteEndpoint.java:261)
	... 9 more

2022.12.06 13:31:11 WARN  scala-cli >= 0.1.3 not found in PATH, fetching and starting a JVM-based Scala CLI
2022.12.06 13:31:19 WARN  no build target for: C:\studia\sem3\pp\list6\zad1.sc
gru 06, 2022 1:31:19 PM org.eclipse.lsp4j.jsonrpc.RemoteEndpoint fallbackResponseError
SEVERE: Internal error: java.lang.reflect.InvocationTargetException
java.lang.RuntimeException: java.lang.reflect.InvocationTargetException
	at org.eclipse.lsp4j.jsonrpc.services.GenericEndpoint.lambda$null$0(GenericEndpoint.java:67)
	at org.eclipse.lsp4j.jsonrpc.services.GenericEndpoint.request(GenericEndpoint.java:120)
	at org.eclipse.lsp4j.jsonrpc.RemoteEndpoint.handleRequest(RemoteEndpoint.java:261)
	at org.eclipse.lsp4j.jsonrpc.RemoteEndpoint.consume(RemoteEndpoint.java:190)
	at org.eclipse.lsp4j.jsonrpc.json.StreamMessageProducer.handleMessage(StreamMessageProducer.java:194)
	at org.eclipse.lsp4j.jsonrpc.json.StreamMessageProducer.listen(StreamMessageProducer.java:94)
	at org.eclipse.lsp4j.jsonrpc.json.ConcurrentMessageProcessor.run(ConcurrentMessageProcessor.java:113)
	at java.util.concurrent.Executors$RunnableAdapter.call(Unknown Source)
	at java.util.concurrent.FutureTask.run(Unknown Source)
	at java.util.concurrent.ThreadPoolExecutor.runWorker(Unknown Source)
	at java.util.concurrent.ThreadPoolExecutor$Worker.run(Unknown Source)
	at java.lang.Thread.run(Unknown Source)
Caused by: java.lang.reflect.InvocationTargetException
	at sun.reflect.NativeMethodAccessorImpl.invoke0(Native Method)
	at sun.reflect.NativeMethodAccessorImpl.invoke(Unknown Source)
	at sun.reflect.DelegatingMethodAccessorImpl.invoke(Unknown Source)
	at java.lang.reflect.Method.invoke(Unknown Source)
	at org.eclipse.lsp4j.jsonrpc.services.GenericEndpoint.lambda$null$0(GenericEndpoint.java:65)
	... 11 more
Caused by: java.nio.file.FileSystemNotFoundException: Provider "output" not installed
	at java.nio.file.Paths.get(Unknown Source)
	at scala.meta.internal.mtags.MtagsEnrichments$XtensionURIMtags.toAbsolutePath(MtagsEnrichments.scala:117)
	at scala.meta.internal.mtags.MtagsEnrichments$XtensionStringMtags.toAbsolutePath(MtagsEnrichments.scala:143)
	at scala.meta.internal.metals.MetalsEnrichments$XtensionString.toAbsolutePath(MetalsEnrichments.scala:609)
	at scala.meta.internal.metals.MetalsEnrichments$XtensionString.toAbsolutePath(MetalsEnrichments.scala:606)
	at scala.meta.internal.metals.debug.DebugProvider.debugDiscovery(DebugProvider.scala:399)
	at scala.meta.internal.metals.MetalsLanguageServer.executeCommand(MetalsLanguageServer.scala:1963)
	... 16 more

2022.12.06 13:31:23 INFO  Found Java version 1. Scala CLI requires at least Java 17, getting a temurin:17 JVM via coursier-jvm.
2022.12.06 13:31:24 INFO  shutting down Metals
